<?xml version="1.0" encoding="UTF-8"?>
<!-- Generated by org.testng.reporters.JUnitXMLReporter -->
<testsuite ignored="0" hostname="DESKTOP-BATUL7O" failures="0" tests="5" name="Test" time="124.324" errors="0" timestamp="2024-05-25T15:29:24 IST">
  <testcase classname="TestPackage.LoginTest" name="loginwithoutdata" time="3.464"/>
  <testcase classname="TestPackage.LoginTest" name="loginwithspacechar" time="8.341"/>
  <testcase classname="TestPackage.LoginTest" name="loginwithoutusername" time="3.423"/>
  <testcase classname="TestPackage.LoginTest" name="loginwithoutpassword" time="3.326"/>
  <testcase classname="TestPackage.AmountTableTest" name="AmountDataTest" time="3.481"/>
</testsuite> <!-- Test -->
