<?xml version="1.0" encoding="UTF-8"?>
<testng-results ignored="0" total="5" passed="5" failed="0" skipped="0">
  <reporter-output>
  </reporter-output>
  <suite started-at="2024-05-25T15:27:19 IST" name="Suite" finished-at="2024-05-25T15:29:23 IST" duration-ms="124324">
    <groups>
    </groups>
    <test started-at="2024-05-25T15:27:19 IST" name="Test" finished-at="2024-05-25T15:29:23 IST" duration-ms="124324">
      <class name="TestPackage.AmountTableTest">
        <test-method is-config="true" signature="setup()[pri:0, instance:TestPackage.AmountTableTest@13e344d]" started-at="2024-05-25T15:27:19 IST" name="setup" finished-at="2024-05-25T15:27:56 IST" duration-ms="36679" status="PASS">
          <reporter-output>
          </reporter-output>
        </test-method> <!-- setup -->
        <test-method signature="AmountDataTest()[pri:0, instance:TestPackage.AmountTableTest@13e344d]" started-at="2024-05-25T15:29:05 IST" name="AmountDataTest" finished-at="2024-05-25T15:29:08 IST" duration-ms="3481" status="PASS">
          <reporter-output>
          </reporter-output>
        </test-method> <!-- AmountDataTest -->
        <test-method is-config="true" signature="teardown()[pri:0, instance:TestPackage.AmountTableTest@13e344d]" started-at="2024-05-25T15:29:08 IST" name="teardown" finished-at="2024-05-25T15:29:22 IST" duration-ms="13825" status="PASS">
          <reporter-output>
          </reporter-output>
        </test-method> <!-- teardown -->
      </class> <!-- TestPackage.AmountTableTest -->
      <class name="TestPackage.LoginTest">
        <test-method is-config="true" signature="setup()[pri:0, instance:TestPackage.LoginTest@791f145a]" started-at="2024-05-25T15:27:56 IST" name="setup" finished-at="2024-05-25T15:28:46 IST" duration-ms="50490" status="PASS">
          <reporter-output>
          </reporter-output>
        </test-method> <!-- setup -->
        <test-method signature="loginwithoutdata()[pri:1, instance:TestPackage.LoginTest@791f145a]" started-at="2024-05-25T15:28:46 IST" name="loginwithoutdata" finished-at="2024-05-25T15:28:50 IST" duration-ms="3464" status="PASS">
          <reporter-output>
          </reporter-output>
        </test-method> <!-- loginwithoutdata -->
        <test-method signature="loginwithspacechar()[pri:2, instance:TestPackage.LoginTest@791f145a]" started-at="2024-05-25T15:28:50 IST" name="loginwithspacechar" finished-at="2024-05-25T15:28:58 IST" duration-ms="8341" status="PASS">
          <reporter-output>
          </reporter-output>
        </test-method> <!-- loginwithspacechar -->
        <test-method signature="loginwithoutusername()[pri:3, instance:TestPackage.LoginTest@791f145a]" started-at="2024-05-25T15:28:58 IST" name="loginwithoutusername" finished-at="2024-05-25T15:29:01 IST" duration-ms="3423" status="PASS">
          <reporter-output>
          </reporter-output>
        </test-method> <!-- loginwithoutusername -->
        <test-method signature="loginwithoutpassword()[pri:4, instance:TestPackage.LoginTest@791f145a]" started-at="2024-05-25T15:29:01 IST" name="loginwithoutpassword" finished-at="2024-05-25T15:29:05 IST" duration-ms="3326" status="PASS">
          <reporter-output>
          </reporter-output>
        </test-method> <!-- loginwithoutpassword -->
        <test-method is-config="true" signature="teardown()[pri:0, instance:TestPackage.LoginTest@791f145a]" started-at="2024-05-25T15:29:22 IST" name="teardown" finished-at="2024-05-25T15:29:23 IST" duration-ms="1211" status="PASS">
          <reporter-output>
          </reporter-output>
        </test-method> <!-- teardown -->
      </class> <!-- TestPackage.LoginTest -->
    </test> <!-- Test -->
  </suite> <!-- Suite -->
</testng-results>
